[2024-12-02 06:32:00,511: INFO: server_architecture: [server1] Listening on 127.0.0.1:9301]
[2024-12-02 06:32:02,132: INFO: server_architecture: [server3] Listening on 127.0.0.1:9303]
[2024-12-02 06:32:02,530: INFO: server_architecture: [server2] Listening on 127.0.0.1:9302]
[2024-12-02 06:32:33,251: INFO: server_architecture: [server1] Outgoing connection to server2 (127.0.0.1:9302)]
[2024-12-02 06:32:33,253: INFO: server_architecture: [server2] Incoming connection from server1 (('127.0.0.1', 51357))]
[2024-12-02 06:32:33,254: INFO: server_architecture: [server1] Outgoing connection to server3 (127.0.0.1:9303)]
[2024-12-02 06:32:33,256: INFO: server_architecture: [server3] Incoming connection from server1 (('127.0.0.1', 51358))]
[2024-12-02 06:32:36,608: INFO: server_architecture: [server2] Outgoing connection to server1 (127.0.0.1:9301)]
[2024-12-02 06:32:36,609: INFO: server_architecture: [server1] Incoming connection from server2 (('127.0.0.1', 51362))]
[2024-12-02 06:32:36,609: INFO: server_architecture: [server2] Outgoing connection to server3 (127.0.0.1:9303)]
[2024-12-02 06:32:36,609: INFO: server_architecture: [server3] Incoming connection from server2 (('127.0.0.1', 51363))]
[2024-12-02 06:32:45,783: INFO: server_architecture: [server3] Outgoing connection to server1 (127.0.0.1:9301)]
[2024-12-02 06:32:45,783: INFO: server_architecture: [server1] Incoming connection from server3 (('127.0.0.1', 51371))]
[2024-12-02 06:32:45,784: INFO: server_architecture: [server3] Outgoing connection to server2 (127.0.0.1:9302)]
[2024-12-02 06:32:45,785: INFO: server_architecture: [server2] Incoming connection from server3 (('127.0.0.1', 51372))]
[2024-12-02 06:34:53,549: INFO: client_architecture: [client1] Connected to server server1 (127.0.0.1:9301)]
[2024-12-02 06:34:53,549: INFO: server_architecture: [server1] Incoming connection from client client1 (('127.0.0.1', 51470))]
[2024-12-02 06:34:53,551: INFO: client_architecture: [client1] Connected to server server2 (127.0.0.1:9302)]
[2024-12-02 06:34:53,552: INFO: client_architecture: [client1] Connected to server server3 (127.0.0.1:9303)]
[2024-12-02 06:34:53,552: INFO: server_architecture: [server2] Incoming connection from client client1 (('127.0.0.1', 51471))]
[2024-12-02 06:34:53,552: INFO: server_architecture: [server3] Incoming connection from client client1 (('127.0.0.1', 51472))]
[2024-12-02 06:35:00,100: INFO: server_architecture: [server2] Starting iteration 1/10]
[2024-12-02 06:35:00,100: INFO: client_architecture: [client1] Starting measurements for session 0cc27752-bdda-4811-be63-f61736cd05ff]
[2024-12-02 06:35:00,100: INFO: server_architecture: [server3] Starting iteration 1/10]
[2024-12-02 06:35:00,101: INFO: server_architecture: [server2] Sent timestamp to client client1]
[2024-12-02 06:35:00,101: INFO: client_architecture: [client1] Forwarded timestamp from server2 to server1]
[2024-12-02 06:35:00,101: INFO: server_architecture: [server3] Sent timestamp to client client1]
[2024-12-02 06:35:00,101: INFO: client_architecture: [client1] Forwarded timestamp from server2 to server3]
[2024-12-02 06:35:00,101: INFO: client_architecture: [client1] Forwarded timestamp from server3 to server1]
[2024-12-02 06:35:00,101: INFO: client_architecture: [client1] Forwarded timestamp from server3 to server2]
[2024-12-02 06:35:00,101: INFO: server_architecture: [server2] Received timestamp from server3, dic + dcj = 0.001388]
[2024-12-02 06:35:00,102: INFO: server_architecture: [server1] Received timestamp from server2, dic + dcj = 0.000983]
[2024-12-02 06:35:00,102: INFO: server_architecture: [server1] Received timestamp from server3, dic + dcj = 0.001869]
[2024-12-02 06:35:00,102: INFO: server_architecture: [server3] Received timestamp from server2, dic + dcj = 0.001122]
[2024-12-02 06:35:01,110: INFO: server_architecture: [server3] RTT with server2: 0.000220, delay: 0.000110]
[2024-12-02 06:35:01,110: INFO: server_architecture: [server2] RTT with server1: 0.000261, delay: 0.000130]
[2024-12-02 06:35:01,111: INFO: server_architecture: [server2] RTT with server3: 0.000316, delay: 0.000158]
[2024-12-02 06:35:01,111: INFO: server_architecture: [server3] RTT with server1: 0.000534, delay: 0.000267]
[2024-12-02 06:35:02,112: INFO: server_architecture: [server3] Iteration 1/10 completed.]
[2024-12-02 06:35:02,112: INFO: server_architecture: [server3] Starting iteration 2/10]
[2024-12-02 06:35:02,113: INFO: server_architecture: [server3] Sent timestamp to client client1]
[2024-12-02 06:35:02,113: INFO: client_architecture: [client1] Forwarded timestamp from server3 to server1]
[2024-12-02 06:35:02,113: INFO: server_architecture: [server1] Received timestamp from server3, dic + dcj = 0.000356]
[2024-12-02 06:35:02,113: INFO: client_architecture: [client1] Forwarded timestamp from server3 to server2]
[2024-12-02 06:35:02,113: INFO: server_architecture: [server2] Received timestamp from server3, dic + dcj = 0.000742]
[2024-12-02 06:35:02,116: INFO: server_architecture: [server2] Iteration 1/10 completed.]
[2024-12-02 06:35:02,116: INFO: server_architecture: [server2] Starting iteration 2/10]
[2024-12-02 06:35:02,117: INFO: server_architecture: [server2] Sent timestamp to client client1]
[2024-12-02 06:35:02,117: INFO: client_architecture: [client1] Forwarded timestamp from server2 to server1]
[2024-12-02 06:35:02,117: INFO: server_architecture: [server1] Received timestamp from server2, dic + dcj = 0.000332]
[2024-12-02 06:35:02,117: INFO: client_architecture: [client1] Forwarded timestamp from server2 to server3]
[2024-12-02 06:35:02,117: INFO: server_architecture: [server3] Received timestamp from server2, dic + dcj = 0.000610]
[2024-12-02 06:35:03,120: INFO: server_architecture: [server3] RTT with server1: 0.000394, delay: 0.000197]
[2024-12-02 06:35:03,121: INFO: server_architecture: [server3] RTT with server2: 0.000635, delay: 0.000318]
[2024-12-02 06:35:03,123: INFO: server_architecture: [server2] RTT with server1: 0.000175, delay: 0.000087]
[2024-12-02 06:35:03,123: INFO: server_architecture: [server2] RTT with server3: 0.000386, delay: 0.000193]
[2024-12-02 06:35:04,126: INFO: server_architecture: [server3] Iteration 2/10 completed.]
[2024-12-02 06:35:04,126: INFO: server_architecture: [server3] Starting iteration 3/10]
[2024-12-02 06:35:04,126: INFO: server_architecture: [server3] Sent timestamp to client client1]
[2024-12-02 06:35:04,127: INFO: client_architecture: [client1] Forwarded timestamp from server3 to server1]
[2024-12-02 06:35:04,127: INFO: server_architecture: [server1] Received timestamp from server3, dic + dcj = 0.000527]
[2024-12-02 06:35:04,127: INFO: client_architecture: [client1] Forwarded timestamp from server3 to server2]
[2024-12-02 06:35:04,127: INFO: server_architecture: [server2] Received timestamp from server3, dic + dcj = 0.001186]
[2024-12-02 06:35:04,132: INFO: server_architecture: [server2] Iteration 2/10 completed.]
[2024-12-02 06:35:04,133: INFO: server_architecture: [server2] Starting iteration 3/10]
[2024-12-02 06:35:04,133: INFO: server_architecture: [server2] Sent timestamp to client client1]
[2024-12-02 06:35:04,136: INFO: client_architecture: [client1] Forwarded timestamp from server2 to server1]
[2024-12-02 06:35:04,136: INFO: client_architecture: [client1] Forwarded timestamp from server2 to server3]
[2024-12-02 06:35:04,136: INFO: server_architecture: [server1] Received timestamp from server2, dic + dcj = 0.002683]
[2024-12-02 06:35:04,136: INFO: server_architecture: [server3] Received timestamp from server2, dic + dcj = 0.002994]
[2024-12-02 06:35:05,130: INFO: server_architecture: [server3] RTT with server2: 0.000826, delay: 0.000413]
[2024-12-02 06:35:05,131: INFO: server_architecture: [server3] RTT with server1: 0.001699, delay: 0.000849]
[2024-12-02 06:35:05,139: INFO: server_architecture: [server2] RTT with server3: 0.000452, delay: 0.000226]
[2024-12-02 06:35:05,142: INFO: server_architecture: [server2] RTT with server1: 0.003978, delay: 0.001989]
[2024-12-02 06:35:06,136: INFO: server_architecture: [server3] Iteration 3/10 completed.]
[2024-12-02 06:35:06,136: INFO: server_architecture: [server3] Starting iteration 4/10]
[2024-12-02 06:35:06,136: INFO: server_architecture: [server3] Sent timestamp to client client1]
[2024-12-02 06:35:06,137: INFO: client_architecture: [client1] Forwarded timestamp from server3 to server1]
[2024-12-02 06:35:06,138: INFO: client_architecture: [client1] Forwarded timestamp from server3 to server2]
[2024-12-02 06:35:06,137: INFO: server_architecture: [server1] Received timestamp from server3, dic + dcj = 0.000949]
[2024-12-02 06:35:06,138: INFO: server_architecture: [server2] Received timestamp from server3, dic + dcj = 0.002124]
[2024-12-02 06:35:06,141: INFO: server_architecture: [server2] Iteration 3/10 completed.]
[2024-12-02 06:35:06,141: INFO: server_architecture: [server2] Starting iteration 4/10]
[2024-12-02 06:35:06,141: INFO: server_architecture: [server2] Sent timestamp to client client1]
[2024-12-02 06:35:06,141: INFO: client_architecture: [client1] Forwarded timestamp from server2 to server1]
[2024-12-02 06:35:06,141: INFO: client_architecture: [client1] Forwarded timestamp from server2 to server3]
[2024-12-02 06:35:06,141: INFO: server_architecture: [server1] Received timestamp from server2, dic + dcj = 0.000292]
[2024-12-02 06:35:06,142: INFO: server_architecture: [server3] Received timestamp from server2, dic + dcj = 0.000591]
[2024-12-02 06:35:07,143: INFO: server_architecture: [server3] RTT with server1: 0.000372, delay: 0.000186]
[2024-12-02 06:35:07,144: INFO: server_architecture: [server3] RTT with server2: 0.000520, delay: 0.000260]
[2024-12-02 06:35:07,147: INFO: server_architecture: [server2] RTT with server3: 0.000194, delay: 0.000097]
[2024-12-02 06:35:07,148: INFO: server_architecture: [server2] RTT with server1: 0.000603, delay: 0.000301]
[2024-12-02 06:35:08,149: INFO: server_architecture: [server3] Iteration 4/10 completed.]
[2024-12-02 06:35:08,150: INFO: server_architecture: [server3] Starting iteration 5/10]
[2024-12-02 06:35:08,150: INFO: server_architecture: [server3] Sent timestamp to client client1]
[2024-12-02 06:35:08,150: INFO: client_architecture: [client1] Forwarded timestamp from server3 to server1]
[2024-12-02 06:35:08,150: INFO: server_architecture: [server1] Received timestamp from server3, dic + dcj = 0.000379]
[2024-12-02 06:35:08,150: INFO: client_architecture: [client1] Forwarded timestamp from server3 to server2]
[2024-12-02 06:35:08,151: INFO: server_architecture: [server2] Received timestamp from server3, dic + dcj = 0.000662]
[2024-12-02 06:35:08,153: INFO: server_architecture: [server2] Iteration 4/10 completed.]
[2024-12-02 06:35:08,153: INFO: server_architecture: [server2] Starting iteration 5/10]
[2024-12-02 06:35:08,153: INFO: server_architecture: [server2] Sent timestamp to client client1]
[2024-12-02 06:35:08,153: INFO: client_architecture: [client1] Forwarded timestamp from server2 to server1]
[2024-12-02 06:35:08,153: INFO: server_architecture: [server1] Received timestamp from server2, dic + dcj = 0.000243]
[2024-12-02 06:35:08,154: INFO: client_architecture: [client1] Forwarded timestamp from server2 to server3]
[2024-12-02 06:35:08,154: INFO: server_architecture: [server3] Received timestamp from server2, dic + dcj = 0.000706]
[2024-12-02 06:35:09,157: INFO: server_architecture: [server3] RTT with server1: 0.000382, delay: 0.000191]
[2024-12-02 06:35:09,158: INFO: server_architecture: [server3] RTT with server2: 0.000602, delay: 0.000301]
[2024-12-02 06:35:09,159: INFO: server_architecture: [server2] RTT with server1: 0.000227, delay: 0.000113]
[2024-12-02 06:35:09,160: INFO: server_architecture: [server2] RTT with server3: 0.000524, delay: 0.000262]
[2024-12-02 06:35:10,161: INFO: server_architecture: [server3] Iteration 5/10 completed.]
[2024-12-02 06:35:10,162: INFO: server_architecture: [server3] Starting iteration 6/10]
[2024-12-02 06:35:10,162: INFO: server_architecture: [server3] Sent timestamp to client client1]
[2024-12-02 06:35:10,162: INFO: client_architecture: [client1] Forwarded timestamp from server3 to server1]
[2024-12-02 06:35:10,162: INFO: server_architecture: [server1] Received timestamp from server3, dic + dcj = 0.000392]
[2024-12-02 06:35:10,162: INFO: client_architecture: [client1] Forwarded timestamp from server3 to server2]
[2024-12-02 06:35:10,162: INFO: server_architecture: [server2] Received timestamp from server3, dic + dcj = 0.000656]
[2024-12-02 06:35:10,165: INFO: server_architecture: [server2] Iteration 5/10 completed.]
[2024-12-02 06:35:10,165: INFO: server_architecture: [server2] Starting iteration 6/10]
[2024-12-02 06:35:10,165: INFO: server_architecture: [server2] Sent timestamp to client client1]
[2024-12-02 06:35:10,165: INFO: client_architecture: [client1] Forwarded timestamp from server2 to server1]
[2024-12-02 06:35:10,165: INFO: server_architecture: [server1] Received timestamp from server2, dic + dcj = 0.000245]
[2024-12-02 06:35:10,165: INFO: client_architecture: [client1] Forwarded timestamp from server2 to server3]
[2024-12-02 06:35:10,166: INFO: server_architecture: [server3] Received timestamp from server2, dic + dcj = 0.000427]
[2024-12-02 06:35:11,170: INFO: server_architecture: [server2] RTT with server3: 0.000216, delay: 0.000108]
[2024-12-02 06:35:11,170: INFO: server_architecture: [server3] RTT with server1: 0.000164, delay: 0.000082]
[2024-12-02 06:35:11,170: INFO: server_architecture: [server3] RTT with server2: 0.000364, delay: 0.000182]
[2024-12-02 06:35:11,170: INFO: server_architecture: [server2] RTT with server1: 0.000613, delay: 0.000307]
[2024-12-02 06:35:12,174: INFO: server_architecture: [server3] Iteration 6/10 completed.]
[2024-12-02 06:35:12,175: INFO: server_architecture: [server3] Starting iteration 7/10]
[2024-12-02 06:35:12,175: INFO: server_architecture: [server3] Sent timestamp to client client1]
[2024-12-02 06:35:12,175: INFO: server_architecture: [server2] Iteration 6/10 completed.]
[2024-12-02 06:35:12,175: INFO: client_architecture: [client1] Forwarded timestamp from server3 to server1]
[2024-12-02 06:35:12,175: INFO: client_architecture: [client1] Forwarded timestamp from server3 to server2]
[2024-12-02 06:35:12,175: INFO: server_architecture: [server2] Starting iteration 7/10]
[2024-12-02 06:35:12,175: INFO: server_architecture: [server1] Received timestamp from server3, dic + dcj = 0.000616]
[2024-12-02 06:35:12,176: INFO: server_architecture: [server2] Sent timestamp to client client1]
[2024-12-02 06:35:12,176: INFO: client_architecture: [client1] Forwarded timestamp from server2 to server1]
[2024-12-02 06:35:12,176: INFO: server_architecture: [server1] Received timestamp from server2, dic + dcj = 0.000240]
[2024-12-02 06:35:12,176: INFO: server_architecture: [server2] Received timestamp from server3, dic + dcj = 0.000990]
[2024-12-02 06:35:12,176: INFO: client_architecture: [client1] Forwarded timestamp from server2 to server3]
[2024-12-02 06:35:12,176: INFO: server_architecture: [server3] Received timestamp from server2, dic + dcj = 0.000426]
[2024-12-02 06:35:13,181: INFO: server_architecture: [server3] RTT with server1: 0.000331, delay: 0.000166]
[2024-12-02 06:35:13,182: INFO: server_architecture: [server3] RTT with server2: 0.000718, delay: 0.000359]
[2024-12-02 06:35:13,182: INFO: server_architecture: [server2] RTT with server1: 0.000168, delay: 0.000084]
[2024-12-02 06:35:13,182: INFO: server_architecture: [server2] RTT with server3: 0.000280, delay: 0.000140]
[2024-12-02 06:35:14,187: INFO: server_architecture: [server2] Iteration 7/10 completed.]
[2024-12-02 06:35:14,187: INFO: server_architecture: [server2] Starting iteration 8/10]
[2024-12-02 06:35:14,187: INFO: server_architecture: [server3] Iteration 7/10 completed.]
[2024-12-02 06:35:14,187: INFO: server_architecture: [server2] Sent timestamp to client client1]
[2024-12-02 06:35:14,187: INFO: server_architecture: [server3] Starting iteration 8/10]
[2024-12-02 06:35:14,188: INFO: server_architecture: [server3] Sent timestamp to client client1]
[2024-12-02 06:35:14,189: INFO: client_architecture: [client1] Forwarded timestamp from server2 to server1]
[2024-12-02 06:35:14,189: INFO: server_architecture: [server1] Received timestamp from server2, dic + dcj = 0.001205]
[2024-12-02 06:35:14,190: INFO: client_architecture: [client1] Forwarded timestamp from server2 to server3]
[2024-12-02 06:35:14,190: INFO: server_architecture: [server3] Received timestamp from server2, dic + dcj = 0.002635]
[2024-12-02 06:35:14,190: INFO: client_architecture: [client1] Forwarded timestamp from server3 to server1]
[2024-12-02 06:35:14,190: INFO: server_architecture: [server1] Received timestamp from server3, dic + dcj = 0.002772]
[2024-12-02 06:35:14,190: INFO: client_architecture: [client1] Forwarded timestamp from server3 to server2]
[2024-12-02 06:35:14,191: INFO: server_architecture: [server2] Received timestamp from server3, dic + dcj = 0.002964]
[2024-12-02 06:35:15,190: INFO: server_architecture: [server3] RTT with server2: 0.000316, delay: 0.000158]
[2024-12-02 06:35:15,191: INFO: server_architecture: [server3] RTT with server1: 0.000617, delay: 0.000309]
[2024-12-02 06:35:15,191: INFO: server_architecture: [server2] RTT with server1: 0.000228, delay: 0.000114]
[2024-12-02 06:35:15,192: INFO: server_architecture: [server2] RTT with server3: 0.000303, delay: 0.000152]
[2024-12-02 06:35:16,198: INFO: server_architecture: [server3] Iteration 8/10 completed.]
[2024-12-02 06:35:16,198: INFO: server_architecture: [server3] Starting iteration 9/10]
[2024-12-02 06:35:16,198: INFO: server_architecture: [server2] Iteration 8/10 completed.]
[2024-12-02 06:35:16,199: INFO: server_architecture: [server2] Starting iteration 9/10]
[2024-12-02 06:35:16,199: INFO: server_architecture: [server3] Sent timestamp to client client1]
[2024-12-02 06:35:16,199: INFO: server_architecture: [server2] Sent timestamp to client client1]
[2024-12-02 06:35:16,200: INFO: client_architecture: [client1] Forwarded timestamp from server3 to server1]
[2024-12-02 06:35:16,201: INFO: client_architecture: [client1] Forwarded timestamp from server3 to server2]
[2024-12-02 06:35:16,201: INFO: server_architecture: [server2] Received timestamp from server3, dic + dcj = 0.002675]
[2024-12-02 06:35:16,200: INFO: server_architecture: [server1] Received timestamp from server3, dic + dcj = 0.001238]
[2024-12-02 06:35:16,201: INFO: client_architecture: [client1] Forwarded timestamp from server2 to server1]
[2024-12-02 06:35:16,202: INFO: client_architecture: [client1] Forwarded timestamp from server2 to server3]
[2024-12-02 06:35:16,202: INFO: server_architecture: [server1] Received timestamp from server2, dic + dcj = 0.002900]
[2024-12-02 06:35:16,202: INFO: server_architecture: [server3] Received timestamp from server2, dic + dcj = 0.003040]
[2024-12-02 06:35:17,201: INFO: server_architecture: [server3] RTT with server1: 0.000512, delay: 0.000256]
[2024-12-02 06:35:17,202: INFO: server_architecture: [server3] RTT with server2: 0.000728, delay: 0.000364]
[2024-12-02 06:35:17,203: INFO: server_architecture: [server2] RTT with server3: 0.000217, delay: 0.000108]
[2024-12-02 06:35:17,203: INFO: server_architecture: [server2] RTT with server1: 0.000499, delay: 0.000250]
[2024-12-02 06:35:18,208: INFO: server_architecture: [server3] Iteration 9/10 completed.]
[2024-12-02 06:35:18,209: INFO: server_architecture: [server3] Starting iteration 10/10]
[2024-12-02 06:35:18,209: INFO: server_architecture: [server2] Iteration 9/10 completed.]
[2024-12-02 06:35:18,209: INFO: server_architecture: [server2] Starting iteration 10/10]
[2024-12-02 06:35:18,209: INFO: server_architecture: [server3] Sent timestamp to client client1]
[2024-12-02 06:35:18,209: INFO: server_architecture: [server2] Sent timestamp to client client1]
[2024-12-02 06:35:18,209: INFO: client_architecture: [client1] Forwarded timestamp from server3 to server1]
[2024-12-02 06:35:18,209: INFO: server_architecture: [server1] Received timestamp from server3, dic + dcj = 0.000538]
[2024-12-02 06:35:18,210: INFO: client_architecture: [client1] Forwarded timestamp from server3 to server2]
[2024-12-02 06:35:18,210: INFO: server_architecture: [server2] Received timestamp from server3, dic + dcj = 0.000973]
[2024-12-02 06:35:18,210: INFO: client_architecture: [client1] Forwarded timestamp from server2 to server1]
[2024-12-02 06:35:18,210: INFO: server_architecture: [server1] Received timestamp from server2, dic + dcj = 0.000945]
[2024-12-02 06:35:18,210: INFO: client_architecture: [client1] Forwarded timestamp from server2 to server3]
[2024-12-02 06:35:18,210: INFO: server_architecture: [server3] Received timestamp from server2, dic + dcj = 0.001166]
[2024-12-02 06:35:19,216: INFO: server_architecture: [server3] RTT with server2: 0.000255, delay: 0.000127]
[2024-12-02 06:35:19,216: INFO: server_architecture: [server2] RTT with server1: 0.000259, delay: 0.000130]
[2024-12-02 06:35:19,217: INFO: server_architecture: [server3] RTT with server1: 0.000780, delay: 0.000390]
[2024-12-02 06:35:19,217: INFO: server_architecture: [server2] RTT with server3: 0.000408, delay: 0.000204]
[2024-12-02 06:35:20,219: INFO: server_architecture: [server2] Iteration 10/10 completed.]
[2024-12-02 06:35:20,222: INFO: server_architecture: [server3] Iteration 10/10 completed.]
